<?xml version="1.0" encoding="UTF-8"?>
<!-- Generated by org.testng.reporters.JUnitReportReporter -->
<testsuite hostname="LAPTOP-OCIA1DL8" failures="0" tests="1" name="testDataPackage.LoginTest" time="9.158" errors="0" timestamp="2025-09-09T11:02:34 IST" skipped="0">
  <testcase classname="testDataPackage.LoginTest" name="verify_UserIs_AbleTo_LoginWithValidCredentials" time="9.158"/>
</testsuite> <!-- testDataPackage.LoginTest -->
