<?xml version="1.0" encoding="UTF-8"?>
<!-- Generated by org.testng.reporters.JUnitReportReporter -->
<testsuite hostname="LAPTOP-OCIA1DL8" failures="0" tests="2" name="testDataPackage.AdminUserTest" time="27.334" errors="0" timestamp="2025-09-09T11:02:34 IST" skipped="0">
  <testcase classname="testDataPackage.AdminUserTest" name="verify_UserIs_AbleTo_UpdateAdminUserInformation" time="13.360"/>
  <testcase classname="testDataPackage.AdminUserTest" name="verify_User_IsAbleTo_AddAdminUserInformations" time="13.974"/>
</testsuite> <!-- testDataPackage.AdminUserTest -->
