<?xml version="1.0" encoding="UTF-8"?>
<!-- Generated by org.testng.reporters.JUnitReportReporter -->
<testsuite hostname="LAPTOP-OCIA1DL8" failures="0" tests="2" name="testDataPackage.ManageNewsTest" time="39.284" errors="0" timestamp="2025-09-09T11:02:34 IST" skipped="0">
  <testcase classname="testDataPackage.ManageNewsTest" name="verify_UserIs_AbleTo_UpdateTheNews" time="12.140"/>
  <testcase classname="testDataPackage.ManageNewsTest" name="verify_UserIs_AbleTo_ManageTheNews" time="27.144"/>
</testsuite> <!-- testDataPackage.ManageNewsTest -->
