<?xml version="1.0" encoding="UTF-8"?>
<!-- Generated by org.testng.reporters.JUnitReportReporter -->
<testsuite hostname="LAPTOP-OCIA1DL8" failures="0" tests="2" name="testDataPackage.ManageCategoryTest" time="24.692" errors="0" timestamp="2025-08-29T10:54:24 IST" skipped="0">
  <testcase classname="testDataPackage.ManageCategoryTest" name="updateCategory" time="11.973"/>
  <testcase classname="testDataPackage.ManageCategoryTest" name="addCategory" time="12.719"/>
</testsuite> <!-- testDataPackage.ManageCategoryTest -->
