<?xml version="1.0" encoding="UTF-8"?>
<!-- Generated by org.testng.reporters.JUnitReportReporter -->
<testsuite hostname="LAPTOP-OCIA1DL8" failures="0" tests="2" name="testDataPackage.AdminUserTest" time="22.517" errors="0" timestamp="2025-08-29T10:54:24 IST" skipped="0">
  <testcase classname="testDataPackage.AdminUserTest" name="addAdminUserInformations" time="11.629"/>
  <testcase classname="testDataPackage.AdminUserTest" name="updateAdminUserInformation" time="10.888"/>
</testsuite> <!-- testDataPackage.AdminUserTest -->
