<?xml version="1.0" encoding="UTF-8"?>
<!-- Generated by org.testng.reporters.JUnitReportReporter -->
<testsuite hostname="LAPTOP-OCIA1DL8" failures="0" tests="1" name="testDataPackage.LoginTest" time="5.978" errors="0" timestamp="2025-08-27T17:22:27 IST" skipped="0">
  <testcase classname="testDataPackage.LoginTest" name="loginWithValidCredentials" time="5.978"/>
</testsuite> <!-- testDataPackage.LoginTest -->
