<?xml version="1.0" encoding="UTF-8"?>
<!-- Generated by org.testng.reporters.JUnitReportReporter -->
<testsuite hostname="LAPTOP-OCIA1DL8" failures="0" tests="2" name="testDataPackage.ManageCategoryTest" time="28.302" errors="0" timestamp="2025-09-09T11:02:34 IST" skipped="0">
  <testcase classname="testDataPackage.ManageCategoryTest" name="verify_UserIs_AbleTo_UpdateCategoryInManageCategory" time="13.838"/>
  <testcase classname="testDataPackage.ManageCategoryTest" name="verify_UserIs_AbleTo_AddCategoryInManageCategory" time="14.464"/>
</testsuite> <!-- testDataPackage.ManageCategoryTest -->
