<?xml version="1.0" encoding="UTF-8"?>
<!-- Generated by org.testng.reporters.JUnitReportReporter -->
<testsuite hostname="LAPTOP-OCIA1DL8" failures="0" tests="2" name="testDataPackage.ManageCategoryTest" time="14.616" errors="0" timestamp="2025-08-27T17:22:27 IST" skipped="0">
  <testcase classname="testDataPackage.ManageCategoryTest" name="addCategory" time="6.317"/>
  <testcase classname="testDataPackage.ManageCategoryTest" name="updateCategory" time="8.299"/>
</testsuite> <!-- testDataPackage.ManageCategoryTest -->
