<?xml version="1.0" encoding="UTF-8"?>
<!-- Generated by org.testng.reporters.JUnitReportReporter -->
<testsuite hostname="LAPTOP-OCIA1DL8" failures="0" tests="2" name="testDataPackage.AdminUserTest" time="16.610" errors="0" timestamp="2025-08-27T17:22:27 IST" skipped="0">
  <testcase classname="testDataPackage.AdminUserTest" name="updateAdminUserInformation" time="7.851"/>
  <testcase classname="testDataPackage.AdminUserTest" name="addAdminUserInformations" time="8.759"/>
</testsuite> <!-- testDataPackage.AdminUserTest -->
