<?xml version="1.0" encoding="UTF-8"?>
<!-- Generated by org.testng.reporters.JUnitReportReporter -->
<testsuite hostname="LAPTOP-OCIA1DL8" failures="0" tests="2" name="testDataPackage.ManageNewsTest" time="29.181" errors="0" timestamp="2025-08-29T10:54:24 IST" skipped="0">
  <testcase classname="testDataPackage.ManageNewsTest" name="manageNews" time="19.192"/>
  <testcase classname="testDataPackage.ManageNewsTest" name="newsUpdate" time="9.989"/>
</testsuite> <!-- testDataPackage.ManageNewsTest -->
