<?xml version="1.0" encoding="UTF-8"?>
<!-- Generated by org.testng.reporters.JUnitReportReporter -->
<testsuite hostname="LAPTOP-OCIA1DL8" failures="0" tests="2" name="testDataPackage.ManageNewsTest" time="24.423" errors="0" timestamp="2025-08-27T17:22:27 IST" skipped="0">
  <testcase classname="testDataPackage.ManageNewsTest" name="newsUpdate" time="15.111"/>
  <testcase classname="testDataPackage.ManageNewsTest" name="manageNews" time="9.312"/>
</testsuite> <!-- testDataPackage.ManageNewsTest -->
