<?xml version="1.0" encoding="UTF-8"?>
<!-- Generated by org.testng.reporters.JUnitReportReporter -->
<testsuite hostname="LAPTOP-OCIA1DL8" failures="0" tests="1" name="testDataPackage.ManageContactTest" time="11.715" errors="0" timestamp="2025-08-29T10:54:24 IST" skipped="0">
  <testcase classname="testDataPackage.ManageContactTest" name="updateContact" time="11.715"/>
</testsuite> <!-- testDataPackage.ManageContactTest -->
