<?xml version="1.0" encoding="UTF-8"?>
<!-- Generated by org.testng.reporters.JUnitReportReporter -->
<testsuite hostname="LAPTOP-OCIA1DL8" failures="0" tests="1" name="testDataPackage.LogoutTest" time="10.228" errors="0" timestamp="2025-09-09T11:02:34 IST" skipped="0">
  <testcase classname="testDataPackage.LogoutTest" name="verify_UserIs_AbleTo_LogoutFromTheApplication" time="10.228"/>
</testsuite> <!-- testDataPackage.LogoutTest -->
