<?xml version="1.0" encoding="UTF-8"?>
<!-- Generated by org.testng.reporters.JUnitReportReporter -->
<testsuite hostname="LAPTOP-OCIA1DL8" failures="0" tests="1" name="testDataPackage.ManageFooterTextTest" time="7.800" errors="0" timestamp="2025-08-27T17:22:27 IST" skipped="0">
  <testcase classname="testDataPackage.ManageFooterTextTest" name="footerTextUpdate" time="7.800"/>
</testsuite> <!-- testDataPackage.ManageFooterTextTest -->
